  Audio.cpp
..\..\..\..\Documents\project\Project\ComputeShader\ComputeShader\Audio.cpp(179): warning C4244: 'argument': conversion from 'double' to 'ALfloat', possible loss of data
..\..\..\..\Documents\project\Project\ComputeShader\ComputeShader\Audio.cpp(184): warning C4244: 'argument': conversion from 'double' to 'ALfloat', possible loss of data
..\..\..\..\Documents\project\Project\ComputeShader\ComputeShader\Audio.cpp(189): warning C4244: 'argument': conversion from 'double' to 'ALfloat', possible loss of data
..\..\..\..\Documents\project\Project\ComputeShader\ComputeShader\Audio.cpp(195): warning C4244: 'argument': conversion from 'double' to 'ALfloat', possible loss of data
..\..\..\..\Documents\project\Project\ComputeShader\ComputeShader\Audio.cpp(206): warning C4244: 'argument': conversion from 'double' to 'ALfloat', possible loss of data
..\..\..\..\Documents\project\Project\ComputeShader\ComputeShader\Audio.cpp(211): warning C4244: 'argument': conversion from 'double' to 'ALfloat', possible loss of data
  Camera.cpp
  CollisionStructure.cpp
  Entity.cpp
..\..\..\..\Documents\project\Project\ComputeShader\ComputeShader\Entity.cpp(7): warning C4244: '=': conversion from 'double' to 'float', possible loss of data
..\..\..\..\Documents\project\Project\ComputeShader\ComputeShader\Entity.cpp(67): warning C4244: 'initializing': conversion from 'double' to 'int', possible loss of data
..\..\..\..\Documents\project\Project\ComputeShader\ComputeShader\Entity.cpp(159): warning C4244: '+=': conversion from 'double' to 'float', possible loss of data
..\..\..\..\Documents\project\Project\ComputeShader\ComputeShader\Entity.cpp(316): warning C4244: '+=': conversion from 'double' to 'float', possible loss of data
..\..\..\..\Documents\project\Project\ComputeShader\ComputeShader\Entity.cpp(317): warning C4244: '+=': conversion from 'double' to 'float', possible loss of data
..\..\..\..\Documents\project\Project\ComputeShader\ComputeShader\Entity.cpp(318): warning C4305: '=': truncation from 'double' to 'float'
..\..\..\..\Documents\project\Project\ComputeShader\ComputeShader\Entity.cpp(319): warning C4305: '=': truncation from 'double' to 'float'
..\..\..\..\Documents\project\Project\ComputeShader\ComputeShader\Entity.cpp(328): warning C4244: '=': conversion from 'double' to 'float', possible loss of data
..\..\..\..\Documents\project\Project\ComputeShader\ComputeShader\Entity.cpp(329): warning C4244: '=': conversion from 'double' to 'float', possible loss of data
..\..\..\..\Documents\project\Project\ComputeShader\ComputeShader\Entity.cpp(330): warning C4244: '=': conversion from 'double' to 'float', possible loss of data
..\..\..\..\Documents\project\Project\ComputeShader\ComputeShader\Entity.cpp(335): warning C4244: '+=': conversion from 'double' to 'float', possible loss of data
..\..\..\..\Documents\project\Project\ComputeShader\ComputeShader\Entity.cpp(360): warning C4244: '=': conversion from 'double' to 'float', possible loss of data
..\..\..\..\Documents\project\Project\ComputeShader\ComputeShader\Entity.cpp(369): warning C4244: '=': conversion from 'double' to 'float', possible loss of data
..\..\..\..\Documents\project\Project\ComputeShader\ComputeShader\Entity.cpp(370): warning C4244: '=': conversion from 'double' to 'float', possible loss of data
  GameObject.cpp
  Item.cpp
  loadShader.cpp
  main.cpp
c:\users\coleman\documents\project\project\computeshader\computeshader\Noise.h(52): warning C4244: 'return': conversion from 'double' to 'int', possible loss of data
c:\users\coleman\documents\project\project\computeshader\computeshader\Noise.h(89): warning C4244: 'argument': conversion from 'double' to 'float', possible loss of data
c:\users\coleman\documents\project\project\computeshader\computeshader\Noise.h(92): warning C4244: 'argument': conversion from 'double' to 'float', possible loss of data
c:\users\coleman\documents\project\project\computeshader\computeshader\Noise.h(93): warning C4244: 'argument': conversion from 'double' to 'float', possible loss of data
..\..\..\..\Documents\project\Project\ComputeShader\ComputeShader\main.cpp(268): warning C4244: 'argument': conversion from 'double' to 'float', possible loss of data
  Mesh.cpp
..\..\..\..\Documents\project\Project\ComputeShader\ComputeShader\Mesh.cpp(18): warning C4267: 'argument': conversion from 'size_t' to 'GLsizei', possible loss of data
..\..\..\..\Documents\project\Project\ComputeShader\ComputeShader\Mesh.cpp(41): warning C4267: '=': conversion from 'size_t' to 'int', possible loss of data
..\..\..\..\Documents\project\Project\ComputeShader\ComputeShader\Mesh.cpp(733): warning C4244: 'argument': conversion from 'double' to 'GLfloat', possible loss of data
..\..\..\..\Documents\project\Project\ComputeShader\ComputeShader\Mesh.cpp(734): warning C4244: 'argument': conversion from 'double' to 'GLfloat', possible loss of data
..\..\..\..\Documents\project\Project\ComputeShader\ComputeShader\Mesh.cpp(735): warning C4244: 'argument': conversion from 'double' to 'GLfloat', possible loss of data
..\..\..\..\Documents\project\Project\ComputeShader\ComputeShader\Mesh.cpp(779): warning C4267: '=': conversion from 'size_t' to 'int', possible loss of data
..\..\..\..\Documents\project\Project\ComputeShader\ComputeShader\Mesh.cpp(1072): warning C4267: 'initializing': conversion from 'size_t' to 'int', possible loss of data
..\..\..\..\Documents\project\Project\ComputeShader\ComputeShader\Mesh.cpp(1073): warning C4267: 'initializing': conversion from 'size_t' to 'int', possible loss of data
..\..\..\..\Documents\project\Project\ComputeShader\ComputeShader\Mesh.cpp(1074): warning C4267: 'initializing': conversion from 'size_t' to 'int', possible loss of data
..\..\..\..\Documents\project\Project\ComputeShader\ComputeShader\Mesh.cpp(1209): warning C4244: 'argument': conversion from 'double' to 'GLfloat', possible loss of data
..\..\..\..\Documents\project\Project\ComputeShader\ComputeShader\Mesh.cpp(1253): warning C4267: '=': conversion from 'size_t' to 'int', possible loss of data
  Portal.cpp
..\..\..\..\Documents\project\Project\ComputeShader\ComputeShader\Portal.cpp(43): warning C4244: 'argument': conversion from 'double' to 'float', possible loss of data
..\..\..\..\Documents\project\Project\ComputeShader\ComputeShader\Portal.cpp(67): warning C4244: 'initializing': conversion from 'double' to 'float', possible loss of data
..\..\..\..\Documents\project\Project\ComputeShader\ComputeShader\Portal.cpp(68): warning C4244: 'initializing': conversion from 'double' to 'float', possible loss of data
..\..\..\..\Documents\project\Project\ComputeShader\ComputeShader\Portal.cpp(69): warning C4244: 'initializing': conversion from 'double' to 'float', possible loss of data
..\..\..\..\Documents\project\Project\ComputeShader\ComputeShader\Portal.cpp(92): warning C4244: 'initializing': conversion from 'double' to 'float', possible loss of data
..\..\..\..\Documents\project\Project\ComputeShader\ComputeShader\Portal.cpp(95): warning C4244: '=': conversion from 'double' to 'float', possible loss of data
  Projectile.cpp
..\..\..\..\Documents\project\Project\ComputeShader\ComputeShader\Projectile.cpp(10): warning C4244: '=': conversion from 'double' to 'float', possible loss of data
..\..\..\..\Documents\project\Project\ComputeShader\ComputeShader\Projectile.cpp(11): warning C4244: '=': conversion from 'double' to 'float', possible loss of data
..\..\..\..\Documents\project\Project\ComputeShader\ComputeShader\Projectile.cpp(12): warning C4244: '=': conversion from 'double' to 'float', possible loss of data
..\..\..\..\Documents\project\Project\ComputeShader\ComputeShader\Projectile.cpp(31): warning C4244: '+=': conversion from 'double' to 'float', possible loss of data
  RenderTexture.cpp
  Settings.cpp
  Shader.cpp
..\..\..\..\Documents\project\Project\ComputeShader\ComputeShader\Shader.cpp(42): warning C4477: 'printf' : format string '%s' requires an argument of type 'char *', but variadic argument 1 has type 'std::string'
  stb_image.cpp
  Terrain.cpp
c:\users\coleman\documents\project\project\computeshader\computeshader\Noise.h(52): warning C4244: 'return': conversion from 'double' to 'int', possible loss of data
c:\users\coleman\documents\project\project\computeshader\computeshader\Noise.h(89): warning C4244: 'argument': conversion from 'double' to 'float', possible loss of data
c:\users\coleman\documents\project\project\computeshader\computeshader\Noise.h(92): warning C4244: 'argument': conversion from 'double' to 'float', possible loss of data
c:\users\coleman\documents\project\project\computeshader\computeshader\Noise.h(93): warning C4244: 'argument': conversion from 'double' to 'float', possible loss of data
..\..\..\..\Documents\project\Project\ComputeShader\ComputeShader\Terrain.cpp(17): warning C4244: '=': conversion from 'double' to 'int', possible loss of data
..\..\..\..\Documents\project\Project\ComputeShader\ComputeShader\Terrain.cpp(46): warning C4244: 'initializing': conversion from 'double' to 'int', possible loss of data
..\..\..\..\Documents\project\Project\ComputeShader\ComputeShader\Terrain.cpp(47): warning C4244: 'initializing': conversion from 'double' to 'int', possible loss of data
..\..\..\..\Documents\project\Project\ComputeShader\ComputeShader\Terrain.cpp(48): warning C4244: 'initializing': conversion from 'double' to 'int', possible loss of data
..\..\..\..\Documents\project\Project\ComputeShader\ComputeShader\Terrain.cpp(50): warning C4244: 'initializing': conversion from 'float' to 'int', possible loss of data
..\..\..\..\Documents\project\Project\ComputeShader\ComputeShader\Terrain.cpp(51): warning C4244: 'initializing': conversion from 'float' to 'int', possible loss of data
  Texture.cpp
  Transform.cpp
  UIManager.cpp
..\..\..\..\Documents\project\Project\ComputeShader\ComputeShader\UIManager.cpp(168): warning C4244: 'argument': conversion from 'double' to 'GLclampf', possible loss of data
  Generating code
  16 of 2440 functions ( 0.7%) were compiled, the rest were copied from previous compilation.
    0 functions were new in current compilation
    7 functions had inline decision re-evaluated but remain unchanged
  Finished generating code
  Engine.vcxproj -> C:\Users\Coleman\source\repos\Engine\x64\Release\Engine.exe
